Connection established to port 12345
Connection established to port 12345
Connection established to port 12345
Message sent to port 12345: STORE file4.txt 6
Message sent to port 12345: STORE file5.txt 6
Store operation started for file file4.txt
Store operation started for file file5.txt
Message received from port 12345: STORE_TO 2335 2333 2334
Message received from port 12345: STORE_TO 2335 2333 2334
Controller replied to store file5.txt in these Dstores: 2335 2333 2334 
Controller replied to store file4.txt in these Dstores: 2335 2333 2334 
Connection established to port 2335
Connection established to port 2335
Message sent to port 2335: STORE file4.txt 6
Message sent to port 2335: STORE file5.txt 6
Storing file file4.txt to Dstore 2335
Storing file file5.txt to Dstore 2335
Message received from port 2335: ACK
ACK received from Dstore 2335 to store file file4.txt
Store of file file4.txt to Dstore 2335 successfully completed
Connection established to port 2333
Message sent to port 2333: STORE file4.txt 6
Storing file file4.txt to Dstore 2333
Message received from port 2335: ACK
ACK received from Dstore 2335 to store file file5.txt
Store of file file5.txt to Dstore 2335 successfully completed
Connection established to port 2333
Message sent to port 2333: STORE file5.txt 6
Storing file file5.txt to Dstore 2333
Message received from port 2333: ACK
ACK received from Dstore 2333 to store file file4.txt
Store of file file4.txt to Dstore 2333 successfully completed
Connection established to port 2334
Message sent to port 2334: STORE file4.txt 6
Storing file file4.txt to Dstore 2334
Message received from port 2333: ACK
ACK received from Dstore 2333 to store file file5.txt
Store of file file5.txt to Dstore 2333 successfully completed
Connection established to port 2334
Message sent to port 2334: STORE file5.txt 6
Storing file file5.txt to Dstore 2334
Message received from port 2334: ACK
ACK received from Dstore 2334 to store file file4.txt
Store of file file4.txt to Dstore 2334 successfully completed
Message received from port 12345: STORE_COMPLETE
Message received from port 2334: ACK
Store operation for file file4.txt completed
ACK received from Dstore 2334 to store file file5.txt
Store of file file5.txt to Dstore 2334 successfully completed
Message sent to port 12345: STORE file4.txt 6
Store operation started for file file4.txt
Message received from port 12345: ERROR_FILE_ALREADY_EXISTS
File to store file4.txt already exists in the data store
Message received from port 12345: STORE_COMPLETE
Store operation for file file5.txt completed
Message sent to port 12345: STORE file4.txt 6
Store operation started for file file4.txt
Message received from port 12345: ERROR_FILE_ALREADY_EXISTS
File to store file4.txt already exists in the data store
Message sent to port 12345: STORE file3.txt 6
Message sent to port 12345: STORE small_file.jpg 4849
Store operation started for file file3.txt
Store operation started for file small_file.jpg
Message received from port 12345: STORE_TO 2336 2335 2333
Message received from port 12345: STORE_TO 2336 2335 2333
Controller replied to store small_file.jpg in these Dstores: 2336 2335 2333 
Controller replied to store file3.txt in these Dstores: 2336 2335 2333 
Connection established to port 2336
Connection established to port 2336
Message sent to port 2336: STORE small_file.jpg 4849
Message sent to port 2336: STORE file3.txt 6
Storing file small_file.jpg to Dstore 2336
Storing file file3.txt to Dstore 2336
Message received from port 2336: ACK
ACK received from Dstore 2336 to store file file3.txt
Store of file file3.txt to Dstore 2336 successfully completed
Connection established to port 2335
Message sent to port 2335: STORE file3.txt 6
Storing file file3.txt to Dstore 2335
Message received from port 2335: ACK
ACK received from Dstore 2335 to store file file3.txt
Store of file file3.txt to Dstore 2335 successfully completed
Connection established to port 2333
Message sent to port 2333: STORE file3.txt 6
Storing file file3.txt to Dstore 2333
Message received from port 2333: ACK
ACK received from Dstore 2333 to store file file3.txt
Store of file file3.txt to Dstore 2333 successfully completed
Message received from port 12345: STORE_COMPLETE
Store operation for file file3.txt completed
Message received from port 2336: ACK
Message sent to port 12345: LIST
ACK received from Dstore 2336 to store file small_file.jpg
List operation started
Store of file small_file.jpg to Dstore 2336 successfully completed
Connection established to port 2335
Message sent to port 2335: STORE small_file.jpg 4849
Storing file small_file.jpg to Dstore 2335
Message received from port 2335: ACK
ACK received from Dstore 2335 to store file small_file.jpg
Store of file small_file.jpg to Dstore 2335 successfully completed
Connection established to port 2333
Message sent to port 2333: STORE small_file.jpg 4849
Storing file small_file.jpg to Dstore 2333
Message received from port 2333: ACK
ACK received from Dstore 2333 to store file small_file.jpg
Store of file small_file.jpg to Dstore 2333 successfully completed
Message received from port 12345: LIST small_file.jpg file4.txt file3.txt file5.txt
List operation successfully completed
Message received from port 12345: STORE_COMPLETE
Store operation for file small_file.jpg completed
Message sent to port 12345: LIST
List operation started
Message received from port 12345: LIST small_file.jpg file4.txt file3.txt file5.txt
List operation successfully completed
Message sent to port 12345: REMOVE file5.txt
Message sent to port 12345: REMOVE file5.txt
Remove operation for file file5.txt started
Remove operation for file file5.txt started
Message received from port 12345: ERROR_FILE_DOES_NOT_EXIST
Remove operation failed because file does not exist (filename: file5.txt)
Message sent to port 12345: LIST
List operation started
Message received from port 12345: LIST small_file.jpg file4.txt file3.txt file5.txt
List operation successfully completed
Message received from port 12345: REMOVE_COMPLETE
Remove operation for file file5.txt successfully completed
Message sent to port 12345: LIST
List operation started
Message received from port 12345: LIST small_file.jpg file4.txt file3.txt
List operation successfully completed
