Connection established to port 12345
Connection established to port 12345
Connection established to port 12345
Message sent to port 12345: STORE file1.txt 27
Message sent to port 12345: STORE small_file.jpg 4849
Store operation started for file file1.txt
Store operation started for file small_file.jpg
Message received from port 12345: STORE_TO 2336 2333 2334
Message received from port 12345: ERROR_FILE_ALREADY_EXISTS
File to store file1.txt already exists in the data store
Controller replied to store small_file.jpg in these Dstores: 2336 2333 2334 
Connection established to port 2336
Message sent to port 2336: STORE small_file.jpg 4849
Storing file small_file.jpg to Dstore 2336
Message received from port 2336: ACK
ACK received from Dstore 2336 to store file small_file.jpg
Store of file small_file.jpg to Dstore 2336 successfully completed
Connection established to port 2333
Message sent to port 12345: STORE file5.txt 6
Store operation started for file file5.txt
Message sent to port 2333: STORE small_file.jpg 4849
Storing file small_file.jpg to Dstore 2333
Message received from port 12345: STORE_TO 2336 2333 2334
Controller replied to store file5.txt in these Dstores: 2336 2333 2334 
Message received from port 2333: ACK
Connection established to port 2336
ACK received from Dstore 2333 to store file small_file.jpg
Message sent to port 2336: STORE file5.txt 6
Store of file small_file.jpg to Dstore 2333 successfully completed
Storing file file5.txt to Dstore 2336
Connection established to port 2334
Message received from port 2336: ACK
ACK received from Dstore 2336 to store file file5.txt
Store of file file5.txt to Dstore 2336 successfully completed
Message sent to port 2334: STORE small_file.jpg 4849
Storing file small_file.jpg to Dstore 2334
Connection established to port 2333
Message sent to port 2333: STORE file5.txt 6
Storing file file5.txt to Dstore 2333
Message received from port 2334: ACK
ACK received from Dstore 2334 to store file small_file.jpg
Store of file small_file.jpg to Dstore 2334 successfully completed
Message received from port 2333: ACK
ACK received from Dstore 2333 to store file file5.txt
Store of file file5.txt to Dstore 2333 successfully completed
Connection established to port 2334
Message sent to port 2334: STORE file5.txt 6
Storing file file5.txt to Dstore 2334
Message received from port 2334: ACK
Message received from port 12345: STORE_COMPLETE
ACK received from Dstore 2334 to store file file5.txt
Store operation for file small_file.jpg completed
Store of file file5.txt to Dstore 2334 successfully completed
Message sent to port 12345: STORE file2.txt 6
Store operation started for file file2.txt
Message received from port 12345: STORE_COMPLETE
Store operation for file file5.txt completed
Message received from port 12345: STORE_TO 2336 2333 2334
Controller replied to store file2.txt in these Dstores: 2336 2333 2334 
Message sent to port 12345: STORE file4.txt 6
Connection established to port 2336
Store operation started for file file4.txt
Message sent to port 2336: STORE file2.txt 6
Storing file file2.txt to Dstore 2336
Message received from port 12345: STORE_TO 2336 2333 2334
Controller replied to store file4.txt in these Dstores: 2336 2333 2334 
Message received from port 2336: ACK
ACK received from Dstore 2336 to store file file2.txt
Connection established to port 2336
Store of file file2.txt to Dstore 2336 successfully completed
Message sent to port 2336: STORE file4.txt 6
Storing file file4.txt to Dstore 2336
Connection established to port 2333
Message sent to port 2333: STORE file2.txt 6
Storing file file2.txt to Dstore 2333
Message received from port 2336: ACK
ACK received from Dstore 2336 to store file file4.txt
Message received from port 2333: ACK
Store of file file4.txt to Dstore 2336 successfully completed
ACK received from Dstore 2333 to store file file2.txt
Store of file file2.txt to Dstore 2333 successfully completed
Connection established to port 2333
Connection established to port 2334
Message sent to port 2333: STORE file4.txt 6
Storing file file4.txt to Dstore 2333
Message sent to port 2334: STORE file2.txt 6
Storing file file2.txt to Dstore 2334
Message received from port 2333: ACK
ACK received from Dstore 2333 to store file file4.txt
Store of file file4.txt to Dstore 2333 successfully completed
Message received from port 2334: ACK
ACK received from Dstore 2334 to store file file2.txt
Store of file file2.txt to Dstore 2334 successfully completed
Connection established to port 2334
Message sent to port 2334: STORE file4.txt 6
Storing file file4.txt to Dstore 2334
Message received from port 2334: ACK
ACK received from Dstore 2334 to store file file4.txt
Message received from port 12345: STORE_COMPLETE
Store of file file4.txt to Dstore 2334 successfully completed
Store operation for file file2.txt completed
Message sent to port 12345: STORE file5.txt 6
Store operation started for file file5.txt
Message received from port 12345: ERROR_FILE_ALREADY_EXISTS
File to store file5.txt already exists in the data store
Message sent to port 12345: LIST
List operation started
Message received from port 12345: STORE_COMPLETE
Store operation for file file4.txt completed
Message sent to port 12345: LIST
List operation started
Message received from port 12345: LIST file2.txt small_file.jpg file4.txt file1.txt file5.txt
Message received from port 12345: LIST file2.txt small_file.jpg file4.txt file1.txt file5.txt
List operation successfully completed
List operation successfully completed
Message sent to port 12345: REMOVE file2.txt
Message sent to port 12345: REMOVE file2.txt
Remove operation for file file2.txt started
Remove operation for file file2.txt started
Message received from port 12345: ERROR_FILE_DOES_NOT_EXIST
Remove operation failed because file does not exist (filename: file2.txt)
Message sent to port 12345: LIST
List operation started
Message received from port 12345: LIST file2.txt small_file.jpg file4.txt file1.txt file5.txt
List operation successfully completed
Message received from port 12345: REMOVE_COMPLETE
Remove operation for file file2.txt successfully completed
Message sent to port 12345: LIST
List operation started
Message received from port 12345: LIST small_file.jpg file4.txt file1.txt file5.txt
List operation successfully completed
