Connection established to port 12345
Connection established to port 12345
Connection established to port 12345
Message sent to port 12345: STORE file5.txt 6
Message sent to port 12345: STORE small_file.jpg 4849
Store operation started for file file5.txt
Store operation started for file small_file.jpg
Message received from port 12345: STORE_TO 63360 63356 63357
Message received from port 12345: STORE_TO 63360 63356 63357
Controller replied to store small_file.jpg in these Dstores: 63360 63356 63357 
Controller replied to store file5.txt in these Dstores: 63360 63356 63357 
Store of file small_file.jpg to Dstore 63360 failed
Store of file file5.txt to Dstore 63360 failed
Store of file small_file.jpg to Dstore 63356 failed
Store of file file5.txt to Dstore 63356 failed
Store of file small_file.jpg to Dstore 63357 failed
Store of file file5.txt to Dstore 63357 failed
Message received from port 12345: null
Message received from port 12345: null
ERROR: Connection closed by the Controller
ERROR: Connection closed by the Controller
Message sent to port 12345: STORE file2.txt 6
Message sent to port 12345: STORE file2.txt 6
Store operation started for file file2.txt
Store operation started for file file2.txt
Message received from port 12345: null
Message received from port 12345: null
ERROR: Connection closed by the Controller
ERROR: Connection closed by the Controller
Message sent to port 12345: STORE file5.txt 6
Store operation started for file file5.txt
Message sent to port 12345: STORE file3.txt 6
Message received from port 12345: null
Store operation started for file file3.txt
ERROR: Connection closed by the Controller
Message received from port 12345: null
ERROR: Connection closed by the Controller
Message sent to port 12345: LIST
List operation started
Message received from port 12345: null
ERROR: Connection closed by the Controller
List operation failed
Message sent to port 12345: LIST
List operation started
Message received from port 12345: null
ERROR: Connection closed by the Controller
List operation failed
