Connection established to port 12345
Connection established to port 12345
Connection established to port 12345
Message sent to port 12345: STORE file2.txt 6
Message sent to port 12345: STORE file3.txt 6
Store operation started for file file2.txt
Store operation started for file file3.txt
Message received from port 12345: STORE_TO 2336 2333 2334
Message received from port 12345: STORE_TO 2336 2333 2334
Controller replied to store file2.txt in these Dstores: 2336 2333 2334 
Controller replied to store file3.txt in these Dstores: 2336 2333 2334 
Connection established to port 2336
Connection established to port 2336
Message sent to port 2336: STORE file2.txt 6
Message sent to port 2336: STORE file3.txt 6
Storing file file2.txt to Dstore 2336
Storing file file3.txt to Dstore 2336
Message received from port 2336: ACK
ACK received from Dstore 2336 to store file file2.txt
Store of file file2.txt to Dstore 2336 successfully completed
Connection established to port 2333
Message sent to port 2333: STORE file2.txt 6
Storing file file2.txt to Dstore 2333
Message received from port 2336: ACK
ACK received from Dstore 2336 to store file file3.txt
Store of file file3.txt to Dstore 2336 successfully completed
Connection established to port 2333
Message sent to port 2333: STORE file3.txt 6
Storing file file3.txt to Dstore 2333
Message received from port 2333: ACK
ACK received from Dstore 2333 to store file file2.txt
Store of file file2.txt to Dstore 2333 successfully completed
Connection established to port 2334
Message sent to port 2334: STORE file2.txt 6
Storing file file2.txt to Dstore 2334
Message received from port 2334: ACK
ACK received from Dstore 2334 to store file file2.txt
Store of file file2.txt to Dstore 2334 successfully completed
Message received from port 2333: ACK
ACK received from Dstore 2333 to store file file3.txt
Store of file file3.txt to Dstore 2333 successfully completed
Connection established to port 2334
Message sent to port 2334: STORE file3.txt 6
Storing file file3.txt to Dstore 2334
Message received from port 2334: ACK
ACK received from Dstore 2334 to store file file3.txt
Store of file file3.txt to Dstore 2334 successfully completed
Message received from port 12345: null
Message received from port 12345: null
ERROR: Connection closed by the Controller
ERROR: Connection closed by the Controller
Message sent to port 12345: STORE file2.txt 6
Message sent to port 12345: STORE file1.txt 27
Store operation started for file file2.txt
Store operation started for file file1.txt
Message received from port 12345: null
Message received from port 12345: null
ERROR: Connection closed by the Controller
ERROR: Connection closed by the Controller
Message sent to port 12345: STORE file1.txt 27
Store operation started for file file1.txt
Message received from port 12345: null
ERROR: Connection closed by the Controller
Message sent to port 12345: LIST
List operation started
Message received from port 12345: null
ERROR: Connection closed by the Controller
List operation failed
Message sent to port 12345: STORE file5.txt 6
Store operation started for file file5.txt
Message received from port 12345: null
ERROR: Connection closed by the Controller
Message sent to port 12345: LIST
List operation started
Message received from port 12345: null
ERROR: Connection closed by the Controller
List operation failed
