Connection established to port 12345
Connection established to port 12345
Connection established to port 12345
Message sent to port 12345: STORE file2.txt 6
Message sent to port 12345: STORE file5.txt 6
Store operation started for file file2.txt
Store operation started for file file5.txt
Message received from port 12345: STORE_TO 2336 2333 2334
Message received from port 12345: STORE_TO 2336 2333 2334
Controller replied to store file5.txt in these Dstores: 2336 2333 2334 
Controller replied to store file2.txt in these Dstores: 2336 2333 2334 
Connection established to port 2336
Connection established to port 2336
Message sent to port 2336: STORE file2.txt 6
Storing file file2.txt to Dstore 2336
Message sent to port 2336: STORE file5.txt 6
Storing file file5.txt to Dstore 2336
Message received from port 2336: ACK
ACK received from Dstore 2336 to store file file2.txt
Store of file file2.txt to Dstore 2336 successfully completed
Connection established to port 2333
Message sent to port 2333: STORE file2.txt 6
Storing file file2.txt to Dstore 2333
Message received from port 2336: ACK
ACK received from Dstore 2336 to store file file5.txt
Store of file file5.txt to Dstore 2336 successfully completed
Connection established to port 2333
Message sent to port 2333: STORE file5.txt 6
Storing file file5.txt to Dstore 2333
Message received from port 2333: ACK
ACK received from Dstore 2333 to store file file2.txt
Store of file file2.txt to Dstore 2333 successfully completed
Connection established to port 2334
Message sent to port 2334: STORE file2.txt 6
Storing file file2.txt to Dstore 2334
Message received from port 2333: ACK
ACK received from Dstore 2333 to store file file5.txt
Store of file file5.txt to Dstore 2333 successfully completed
Connection established to port 2334
Message sent to port 2334: STORE file5.txt 6
Storing file file5.txt to Dstore 2334
Message received from port 2334: ACK
ACK received from Dstore 2334 to store file file2.txt
Store of file file2.txt to Dstore 2334 successfully completed
Message received from port 2334: ACK
ACK received from Dstore 2334 to store file file5.txt
Store of file file5.txt to Dstore 2334 successfully completed
Message received from port 12345: STORE_COMPLETE
Message received from port 12345: STORE_COMPLETE
Store operation for file file5.txt completed
Store operation for file file2.txt completed
Message sent to port 12345: STORE file4.txt 6
Message sent to port 12345: STORE file4.txt 6
Store operation started for file file4.txt
Store operation started for file file4.txt
Message received from port 12345: ERROR_FILE_ALREADY_EXISTS
File to store file4.txt already exists in the data store
Message received from port 12345: STORE_TO 2336 2333 2334
Controller replied to store file4.txt in these Dstores: 2336 2333 2334 
Connection established to port 2336
Message sent to port 2336: STORE file4.txt 6
Storing file file4.txt to Dstore 2336
Message received from port 2336: ACK
ACK received from Dstore 2336 to store file file4.txt
Store of file file4.txt to Dstore 2336 successfully completed
Connection established to port 2333
Message sent to port 2333: STORE file4.txt 6
Storing file file4.txt to Dstore 2333
Message received from port 2333: ACK
ACK received from Dstore 2333 to store file file4.txt
Store of file file4.txt to Dstore 2333 successfully completed
Message sent to port 12345: STORE file3.txt 6
Store operation started for file file3.txt
Connection established to port 2334
Message sent to port 2334: STORE file4.txt 6
Storing file file4.txt to Dstore 2334
Message received from port 12345: STORE_TO 2336 2333 2334
Controller replied to store file3.txt in these Dstores: 2336 2333 2334 
Message received from port 2334: ACK
ACK received from Dstore 2334 to store file file4.txt
Store of file file4.txt to Dstore 2334 successfully completed
Connection established to port 2336
Message sent to port 2336: STORE file3.txt 6
Storing file file3.txt to Dstore 2336
Message received from port 2336: ACK
ACK received from Dstore 2336 to store file file3.txt
Store of file file3.txt to Dstore 2336 successfully completed
Message received from port 12345: STORE_COMPLETE
Store operation for file file4.txt completed
Connection established to port 2333
Message sent to port 2333: STORE file3.txt 6
Storing file file3.txt to Dstore 2333
Message sent to port 12345: STORE file1.txt 27
Store operation started for file file1.txt
Message received from port 12345: STORE_TO 2336 2333 2334
Controller replied to store file1.txt in these Dstores: 2336 2333 2334 
Message received from port 2333: ACK
ACK received from Dstore 2333 to store file file3.txt
Store of file file3.txt to Dstore 2333 successfully completed
Connection established to port 2336
Connection established to port 2334
Message sent to port 2336: STORE file1.txt 27
Storing file file1.txt to Dstore 2336
Message sent to port 2334: STORE file3.txt 6
Storing file file3.txt to Dstore 2334
Message received from port 2336: ACK
ACK received from Dstore 2336 to store file file1.txt
Message received from port 2334: ACK
Store of file file1.txt to Dstore 2336 successfully completed
ACK received from Dstore 2334 to store file file3.txt
Store of file file3.txt to Dstore 2334 successfully completed
Connection established to port 2333
Message sent to port 2333: STORE file1.txt 27
Storing file file1.txt to Dstore 2333
Message received from port 2333: ACK
ACK received from Dstore 2333 to store file file1.txt
Message received from port 12345: STORE_COMPLETE
Store of file file1.txt to Dstore 2333 successfully completed
Store operation for file file3.txt completed
Message sent to port 12345: LIST
List operation started
Connection established to port 2334
Message sent to port 2334: STORE file1.txt 27
Storing file file1.txt to Dstore 2334
Message received from port 2334: ACK
ACK received from Dstore 2334 to store file file1.txt
Store of file file1.txt to Dstore 2334 successfully completed
Message received from port 12345: STORE_COMPLETE
Store operation for file file1.txt completed
Message sent to port 12345: LIST
List operation started
Message received from port 12345: LIST file2.txt file4.txt file3.txt file1.txt file5.txt
Message received from port 12345: LIST file2.txt file4.txt file3.txt file1.txt file5.txt
List operation successfully completed
List operation successfully completed
Message sent to port 12345: REMOVE file1.txt
Message sent to port 12345: REMOVE file4.txt
Remove operation for file file1.txt started
Remove operation for file file4.txt started
Message received from port 12345: REMOVE_COMPLETE
Remove operation for file file1.txt successfully completed
Message sent to port 12345: LIST
Message received from port 12345: REMOVE_COMPLETE
List operation started
Remove operation for file file4.txt successfully completed
Message sent to port 12345: LIST
Message received from port 12345: LIST file2.txt file3.txt file5.txt
List operation started
List operation successfully completed
Message received from port 12345: LIST file2.txt file3.txt file5.txt
List operation successfully completed
