Connection established to port 12345
Message sent to port 12345: LIST
List operation started
Message received from port 12345: LIST 
List operation successfully completed
Message sent to port 12345: STORE small_file.jpg 4849
Store operation started for file small_file.jpg
Message received from port 12345: STORE_TO 2333 2335 2334
Controller replied to store small_file.jpg in these Dstores: 2333 2335 2334 
Connection established to port 2333
Message sent to port 2333: STORE small_file.jpg 4849
Storing file small_file.jpg to Dstore 2333
Message received from port 2333: ACK
ACK received from Dstore 2333 to store file small_file.jpg
Store of file small_file.jpg to Dstore 2333 successfully completed
Connection established to port 2335
Message sent to port 2335: STORE small_file.jpg 4849
Storing file small_file.jpg to Dstore 2335
Message received from port 2335: ACK
ACK received from Dstore 2335 to store file small_file.jpg
Store of file small_file.jpg to Dstore 2335 successfully completed
Connection established to port 2334
Message sent to port 2334: STORE small_file.jpg 4849
Storing file small_file.jpg to Dstore 2334
Message received from port 2334: ACK
ACK received from Dstore 2334 to store file small_file.jpg
Store of file small_file.jpg to Dstore 2334 successfully completed
Message received from port 12345: STORE_COMPLETE
Store operation for file small_file.jpg completed
Message sent to port 12345: STORE small_file.jpg 4849
Store operation started for file small_file.jpg
Message received from port 12345: ERROR_FILE_ALREADY_EXISTS
File to store small_file.jpg already exists in the data store
