Connection established to port 12345
Connection established to port 12345
Connection established to port 12345
Message sent to port 12345: STORE file4.txt 6
Message sent to port 12345: STORE file4.txt 6
Store operation started for file file4.txt
Store operation started for file file4.txt
Message received from port 12345: STORE_TO 2336 2333 2334
Message received from port 12345: STORE_TO 2336 2333 2334
Controller replied to store file4.txt in these Dstores: 2336 2333 2334 
Controller replied to store file4.txt in these Dstores: 2336 2333 2334 
Connection established to port 2336
Connection established to port 2336
Message sent to port 2336: STORE file4.txt 6
Message sent to port 2336: STORE file4.txt 6
Storing file file4.txt to Dstore 2336
Storing file file4.txt to Dstore 2336
Message received from port 2336: ACK
ACK received from Dstore 2336 to store file file4.txt
Store of file file4.txt to Dstore 2336 successfully completed
Connection established to port 2333
Message sent to port 2333: STORE file4.txt 6
Storing file file4.txt to Dstore 2333
Message received from port 2336: ACK
ACK received from Dstore 2336 to store file file4.txt
Store of file file4.txt to Dstore 2336 successfully completed
Connection established to port 2333
Message sent to port 2333: STORE file4.txt 6
Storing file file4.txt to Dstore 2333
Message received from port 2333: ACK
ACK received from Dstore 2333 to store file file4.txt
Store of file file4.txt to Dstore 2333 successfully completed
Connection established to port 2334
Message sent to port 2334: STORE file4.txt 6
Storing file file4.txt to Dstore 2334
Message received from port 2333: ACK
ACK received from Dstore 2333 to store file file4.txt
Store of file file4.txt to Dstore 2333 successfully completed
Connection established to port 2334
Message sent to port 2334: STORE file4.txt 6
Storing file file4.txt to Dstore 2334
Message received from port 2334: ACK
ACK received from Dstore 2334 to store file file4.txt
Store of file file4.txt to Dstore 2334 successfully completed
Message received from port 12345: STORE_COMPLETE
Store operation for file file4.txt completed
Message sent to port 12345: STORE file1.txt 27
Store operation started for file file1.txt
Message received from port 12345: STORE_TO 2336 2333 2334
Controller replied to store file1.txt in these Dstores: 2336 2333 2334 
Connection established to port 2336
Message sent to port 2336: STORE file1.txt 27
Storing file file1.txt to Dstore 2336
Message received from port 2336: ACK
ACK received from Dstore 2336 to store file file1.txt
Store of file file1.txt to Dstore 2336 successfully completed
Connection established to port 2333
Message sent to port 2333: STORE file1.txt 27
Storing file file1.txt to Dstore 2333
Message received from port 2333: ACK
ACK received from Dstore 2333 to store file file1.txt
Store of file file1.txt to Dstore 2333 successfully completed
Connection established to port 2334
Message sent to port 2334: STORE file1.txt 27
Storing file file1.txt to Dstore 2334
Message received from port 2334: ACK
ACK received from Dstore 2334 to store file file4.txt
Store of file file4.txt to Dstore 2334 successfully completed
Message received from port 12345: STORE_COMPLETE
Store operation for file file4.txt completed
Message sent to port 12345: STORE file4.txt 6
Store operation started for file file4.txt
Message received from port 2334: ACK
Message received from port 12345: ERROR_FILE_ALREADY_EXISTS
ACK received from Dstore 2334 to store file file1.txt
File to store file4.txt already exists in the data store
Store of file file1.txt to Dstore 2334 successfully completed
Message received from port 12345: STORE_COMPLETE
Store operation for file file1.txt completed
Message sent to port 12345: STORE file1.txt 27
Store operation started for file file1.txt
Message received from port 12345: ERROR_FILE_ALREADY_EXISTS
File to store file1.txt already exists in the data store
Message sent to port 12345: LIST
List operation started
Message sent to port 12345: STORE file2.txt 6
Store operation started for file file2.txt
Message received from port 12345: STORE_TO 2336 2333 2334
Controller replied to store file2.txt in these Dstores: 2336 2333 2334 
Connection established to port 2336
Message sent to port 2336: STORE file2.txt 6
Storing file file2.txt to Dstore 2336
Message received from port 2336: ACK
ACK received from Dstore 2336 to store file file2.txt
Store of file file2.txt to Dstore 2336 successfully completed
Connection established to port 2333
Message sent to port 2333: STORE file2.txt 6
Storing file file2.txt to Dstore 2333
Message received from port 12345: LIST file4.txt file1.txt
List operation successfully completed
Message received from port 2333: ACK
ACK received from Dstore 2333 to store file file2.txt
Store of file file2.txt to Dstore 2333 successfully completed
Connection established to port 2334
Message sent to port 2334: STORE file2.txt 6
Storing file file2.txt to Dstore 2334
Message received from port 2334: ACK
ACK received from Dstore 2334 to store file file2.txt
Store of file file2.txt to Dstore 2334 successfully completed
Message received from port 12345: STORE_COMPLETE
Store operation for file file2.txt completed
Message sent to port 12345: LIST
List operation started
Message received from port 12345: LIST file2.txt file4.txt file1.txt
List operation successfully completed
Message sent to port 12345: LIST
List operation started
Message sent to port 12345: LIST
List operation started
Message received from port 12345: LIST file2.txt file4.txt file1.txt
List operation successfully completed
Message received from port 12345: LIST file2.txt file4.txt file1.txt
List operation successfully completed
