Connection established to port 4333
Message sent to port 4333: STORE file1.txt 27
Store operation started for file file1.txt
Message received from port 4333: STORE_TO 2333 2335 2334
Controller replied to store file1.txt in these Dstores: 2333 2335 2334 
Connection established to port 2333
Message sent to port 2333: STORE file1.txt 27
Storing file file1.txt to Dstore 2333
Message received from port 2333: ACK
ACK received from Dstore 2333 to store file file1.txt
Store of file file1.txt to Dstore 2333 successfully completed
Connection established to port 2335
Message sent to port 2335: STORE file1.txt 27
Storing file file1.txt to Dstore 2335
Message received from port 2335: ACK
ACK received from Dstore 2335 to store file file1.txt
Store of file file1.txt to Dstore 2335 successfully completed
Connection established to port 2334
Message sent to port 2334: STORE file1.txt 27
Storing file file1.txt to Dstore 2334
Message received from port 2334: ACK
ACK received from Dstore 2334 to store file file1.txt
Store of file file1.txt to Dstore 2334 successfully completed
Message received from port 4333: STORE_COMPLETE
Store operation for file file1.txt completed
Message sent to port 4333: LOAD file1.txt
Load operation for file file1.txt started
Message received from port 4333: LOAD_FROM 2333 27
Controller replied to load file file1.txt (size: 27 bytes) from Dstore 2333
Connection established to port 2333
Message sent to port 2333: LOAD_DATA file1.txt
Loading file file1.txt from Dstore 2333
Load operation of file file1.txt from Dstore 2333 successfully completed
Message sent to port 4333: REMOVE file1.txt
Remove operation for file file1.txt started
Message received from port 4333: REMOVE_COMPLETE
Remove operation for file file1.txt successfully completed
