Connection established to port 12345
Message sent to port 12345: LIST
List operation started
Message received from port 12345: LIST 
List operation successfully completed
Message sent to port 12345: STORE file1.txt 27
Store operation started for file file1.txt
Message received from port 12345: STORE_TO 2336 2333 2334
Controller replied to store file1.txt in these Dstores: 2336 2333 2334 
Connection established to port 2336
Message sent to port 2336: STORE file1.txt 27
Storing file file1.txt to Dstore 2336
Message received from port 2336: ACK
ACK received from Dstore 2336 to store file file1.txt
Store of file file1.txt to Dstore 2336 successfully completed
Connection established to port 2333
Message sent to port 2333: STORE file1.txt 27
Storing file file1.txt to Dstore 2333
Message received from port 2333: ACK
ACK received from Dstore 2333 to store file file1.txt
Store of file file1.txt to Dstore 2333 successfully completed
Connection established to port 2334
Message sent to port 2334: STORE file1.txt 27
Storing file file1.txt to Dstore 2334
Message received from port 2334: ACK
ACK received from Dstore 2334 to store file file1.txt
Store of file file1.txt to Dstore 2334 successfully completed
Message received from port 12345: STORE_COMPLETE
Store operation for file file1.txt completed
