Connection established to port 12345
Connection established to port 12345
Connection established to port 12345
Message sent to port 12345: STORE file1.txt 27
Message sent to port 12345: STORE small_file.jpg 4849
Store operation started for file file1.txt
Store operation started for file small_file.jpg
Message received from port 12345: ERROR_FILE_ALREADY_EXISTS
Message received from port 12345: ERROR_FILE_ALREADY_EXISTS
File to store small_file.jpg already exists in the data store
File to store file1.txt already exists in the data store
Message sent to port 12345: STORE small_file.jpg 4849
Store operation started for file small_file.jpg
Message received from port 12345: ERROR_FILE_ALREADY_EXISTS
File to store small_file.jpg already exists in the data store
Message sent to port 12345: STORE file2.txt 6
Store operation started for file file2.txt
Message received from port 12345: ERROR_FILE_ALREADY_EXISTS
File to store file2.txt already exists in the data store
Message sent to port 12345: STORE file3.txt 6
Store operation started for file file3.txt
Message received from port 12345: ERROR_FILE_ALREADY_EXISTS
Message sent to port 12345: STORE small_file.jpg 4849
File to store file3.txt already exists in the data store
Store operation started for file small_file.jpg
Message received from port 12345: ERROR_FILE_ALREADY_EXISTS
File to store small_file.jpg already exists in the data store
Message sent to port 12345: LIST
List operation started
Message sent to port 12345: LIST
Message received from port 12345: LIST small_file.jpg file2.txt file4.txt file3.txt file1.txt
List operation started
List operation successfully completed
Message received from port 12345: LIST small_file.jpg file2.txt file4.txt file3.txt file1.txt
List operation successfully completed
Message sent to port 12345: REMOVE file2.txt
Message sent to port 12345: REMOVE file3.txt
Remove operation for file file2.txt started
Remove operation for file file3.txt started
Message received from port 12345: REMOVE_COMPLETE
Remove operation for file file2.txt successfully completed
Message sent to port 12345: LIST
Message received from port 12345: REMOVE_COMPLETE
List operation started
Remove operation for file file3.txt successfully completed
Message received from port 12345: LIST small_file.jpg file4.txt file1.txt
Message sent to port 12345: LIST
List operation successfully completed
List operation started
Message received from port 12345: LIST small_file.jpg file4.txt file1.txt
List operation successfully completed
