Connection established to port 12345
Connection established to port 12345
Connection established to port 12345
Message sent to port 12345: LIST
List operation started
Message sent to port 12345: STORE small_file.jpg 4849
Message sent to port 12345: STORE file1.txt 27
Store operation started for file small_file.jpg
Store operation started for file file1.txt
Message received from port 12345: LIST 
List operation successfully completed
Message received from port 12345: ERROR_FILE_ALREADY_EXISTS
Message received from port 12345: ERROR_FILE_ALREADY_EXISTS
File to store file1.txt already exists in the data store
File to store small_file.jpg already exists in the data store
Message sent to port 12345: STORE file1.txt 27
Store operation started for file file1.txt
Message sent to port 12345: STORE file5.txt 6
Message sent to port 12345: STORE file3.txt 6
Store operation started for file file5.txt
Store operation started for file file3.txt
Message received from port 12345: STORE_TO 2333 2334 2336
Message received from port 12345: ERROR_FILE_ALREADY_EXISTS
Message received from port 12345: ERROR_FILE_ALREADY_EXISTS
File to store file5.txt already exists in the data store
Controller replied to store file1.txt in these Dstores: 2333 2334 2336 
File to store file3.txt already exists in the data store
Message sent to port 12345: STORE file3.txt 6
Store operation started for file file3.txt
Connection established to port 2333
Message sent to port 12345: STORE file4.txt 6
Store operation started for file file4.txt
Message sent to port 2333: STORE file1.txt 27
Storing file file1.txt to Dstore 2333
Message received from port 12345: STORE_TO 2333 2334 2336
Message received from port 12345: ERROR_FILE_ALREADY_EXISTS
Controller replied to store file3.txt in these Dstores: 2333 2334 2336 
File to store file4.txt already exists in the data store
Connection established to port 2333
Message sent to port 12345: LIST
List operation started
Message sent to port 2333: STORE file3.txt 6
Storing file file3.txt to Dstore 2333
Message received from port 12345: LIST 
List operation successfully completed
Message sent to port 12345: LIST
List operation started
Message received from port 2333: ACK
ACK received from Dstore 2333 to store file file1.txt
Store of file file1.txt to Dstore 2333 successfully completed
Message received from port 12345: LIST 
List operation successfully completed
Connection established to port 2334
Message sent to port 2334: STORE file1.txt 27
Storing file file1.txt to Dstore 2334
Message received from port 2333: ACK
ACK received from Dstore 2333 to store file file3.txt
Store of file file3.txt to Dstore 2333 successfully completed
Connection established to port 2334
Message sent to port 2334: STORE file3.txt 6
Storing file file3.txt to Dstore 2334
Message received from port 2334: ACK
ACK received from Dstore 2334 to store file file1.txt
Store of file file1.txt to Dstore 2334 successfully completed
Connection established to port 2336
Message sent to port 2336: STORE file1.txt 27
Storing file file1.txt to Dstore 2336
Message received from port 2334: ACK
ACK received from Dstore 2334 to store file file3.txt
Store of file file3.txt to Dstore 2334 successfully completed
Connection established to port 2336
Message sent to port 2336: STORE file3.txt 6
Storing file file3.txt to Dstore 2336
Message received from port 2336: ACK
ACK received from Dstore 2336 to store file file1.txt
Store of file file1.txt to Dstore 2336 successfully completed
Message received from port 2336: ACK
Message received from port 12345: STORE_COMPLETE
ACK received from Dstore 2336 to store file file3.txt
Store operation for file file1.txt completed
Store of file file3.txt to Dstore 2336 successfully completed
Message sent to port 12345: LIST
List operation started
Message received from port 12345: LIST file1.txt
List operation successfully completed
Message sent to port 12345: STORE file3.txt 6
Store operation started for file file3.txt
Message received from port 12345: STORE_COMPLETE
Store operation for file file3.txt completed
Message received from port 12345: ERROR_FILE_ALREADY_EXISTS
File to store file3.txt already exists in the data store
Message sent to port 12345: LIST
List operation started
Message received from port 12345: LIST file3.txt file1.txt
List operation successfully completed
Message sent to port 12345: LIST
List operation started
Message received from port 12345: LIST file3.txt file1.txt
List operation successfully completed
